/usr/bin/cpp  -P -traditional -I./srcF -DUSEPML -DSrcSurface -DCartGrid -DCondFreeTIMG -DCondFreeVLOW  ./srcF/mod_constants.F90 > ./src/mod_constants.f90
/opt/mpich3/3.1-intel/bin/mpif90 -O3 -c -w95 -warn all -zero -module ./OBJ -I/opt/netcdf4/4.2.2-ifort/include  ./src/mod_constants.f90 -o OBJ/mod_constants.o
ifort: command line remark #10010: option '-w95' is deprecated and will be removed in a future release. See '-help deprecated'
/usr/bin/cpp  -P -traditional -I./srcF -DUSEPML -DSrcSurface -DCartGrid -DCondFreeTIMG -DCondFreeVLOW  ./srcF/mod_math.F90 > ./src/mod_math.f90
/opt/mpich3/3.1-intel/bin/mpif90 -O3 -c -w95 -warn all -zero -module ./OBJ -I/opt/netcdf4/4.2.2-ifort/include  ./src/mod_math.f90 -o OBJ/mod_math.o
ifort: command line remark #10010: option '-w95' is deprecated and will be removed in a future release. See '-help deprecated'
/usr/bin/cpp  -P -traditional -I./srcF -DUSEPML -DSrcSurface -DCartGrid -DCondFreeTIMG -DCondFreeVLOW  ./srcF/mod_string.F90 > ./src/mod_string.f90
/opt/mpich3/3.1-intel/bin/mpif90 -O3 -c -w95 -warn all -zero -module ./OBJ -I/opt/netcdf4/4.2.2-ifort/include  ./src/mod_string.f90 -o OBJ/mod_string.o
ifort: command line remark #10010: option '-w95' is deprecated and will be removed in a future release. See '-help deprecated'
/usr/bin/cpp  -P -traditional -I./srcF -DUSEPML -DSrcSurface -DCartGrid -DCondFreeTIMG -DCondFreeVLOW  ./srcF/mod_nfseis.F90 > ./src/mod_nfseis.f90
/opt/mpich3/3.1-intel/bin/mpif90 -O3 -c -w95 -warn all -zero -module ./OBJ -I/opt/netcdf4/4.2.2-ifort/include  ./src/mod_nfseis.f90 -o OBJ/mod_nfseis.o
ifort: command line remark #10010: option '-w95' is deprecated and will be removed in a future release. See '-help deprecated'
./src/mod_nfseis.f90(365): warning #6843: A dummy argument with an explicit INTENT(OUT) declaration is not given an explicit value.   [NCID]
subroutine nfseis_snap_defvar(ncid,varnm,vid)
------------------------------^
/usr/bin/cpp  -P -traditional -I./srcF -DUSEPML -DSrcSurface -DCartGrid -DCondFreeTIMG -DCondFreeVLOW  ./srcF/mod_para.F90 > ./src/mod_para.f90
/opt/mpich3/3.1-intel/bin/mpif90 -O3 -c -w95 -warn all -zero -module ./OBJ -I/opt/netcdf4/4.2.2-ifort/include  ./src/mod_para.f90 -o OBJ/mod_para.o
ifort: command line remark #10010: option '-w95' is deprecated and will be removed in a future release. See '-help deprecated'
/usr/bin/cpp  -P -traditional -I./srcF -DUSEPML -DSrcSurface -DCartGrid -DCondFreeTIMG -DCondFreeVLOW  ./srcF/mod_mpi.F90 > ./src/mod_mpi.f90
/opt/mpich3/3.1-intel/bin/mpif90 -O3 -c -w95 -warn all -zero -module ./OBJ -I/opt/netcdf4/4.2.2-ifort/include  ./src/mod_mpi.f90 -o OBJ/mod_mpi.o
ifort: command line remark #10010: option '-w95' is deprecated and will be removed in a future release. See '-help deprecated'
/usr/bin/cpp  -P -traditional -I./srcF -DUSEPML -DSrcSurface -DCartGrid -DCondFreeTIMG -DCondFreeVLOW  ./srcF/mod_grid.F90 > ./src/mod_grid.f90
/opt/mpich3/3.1-intel/bin/mpif90 -O3 -c -w95 -warn all -zero -module ./OBJ -I/opt/netcdf4/4.2.2-ifort/include  ./src/mod_grid.f90 -o OBJ/mod_grid.o
ifort: command line remark #10010: option '-w95' is deprecated and will be removed in a future release. See '-help deprecated'
/usr/bin/cpp  -P -traditional -I./srcF -DUSEPML -DSrcSurface -DCartGrid -DCondFreeTIMG -DCondFreeVLOW  ./srcF/mod_io.F90 > ./src/mod_io.f90
/opt/mpich3/3.1-intel/bin/mpif90 -O3 -c -w95 -warn all -zero -module ./OBJ -I/opt/netcdf4/4.2.2-ifort/include  ./src/mod_io.f90 -o OBJ/mod_io.o
ifort: command line remark #10010: option '-w95' is deprecated and will be removed in a future release. See '-help deprecated'
./src/mod_io.f90(166): remark #7712: This variable has not been used.   [N]
integer :: n
-----------^
/usr/bin/cpp  -P -traditional -I./srcF -DUSEPML -DSrcSurface -DCartGrid -DCondFreeTIMG -DCondFreeVLOW  ./srcF/mod_media.F90 > ./src/mod_media.f90
/opt/mpich3/3.1-intel/bin/mpif90 -O3 -c -w95 -warn all -zero -module ./OBJ -I/opt/netcdf4/4.2.2-ifort/include  ./src/mod_media.f90 -o OBJ/mod_media.o
ifort: command line remark #10010: option '-w95' is deprecated and will be removed in a future release. See '-help deprecated'
/usr/bin/cpp  -P -traditional -I./srcF -DUSEPML -DSrcSurface -DCartGrid -DCondFreeTIMG -DCondFreeVLOW  ./srcF/mod_macdrp.F90 > ./src/mod_macdrp.f90
/opt/mpich3/3.1-intel/bin/mpif90 -O3 -c -w95 -warn all -zero -module ./OBJ -I/opt/netcdf4/4.2.2-ifort/include  ./src/mod_macdrp.f90 -o OBJ/mod_macdrp.o
ifort: command line remark #10010: option '-w95' is deprecated and will be removed in a future release. See '-help deprecated'
/usr/bin/cpp  -P -traditional -I./srcF -DUSEPML -DSrcSurface -DCartGrid -DCondFreeTIMG -DCondFreeVLOW  ./srcF/mod_src.F90 > ./src/mod_src.f90
/opt/mpich3/3.1-intel/bin/mpif90 -O3 -c -w95 -warn all -zero -module ./OBJ -I/opt/netcdf4/4.2.2-ifort/include  ./src/mod_src.f90 -o OBJ/mod_src.o
ifort: command line remark #10010: option '-w95' is deprecated and will be removed in a future release. See '-help deprecated'
./src/mod_src.f90(343): remark #7712: This variable has not been used.   [N]
  integer n,i,j,k
----------^
./src/mod_src.f90(343): remark #7712: This variable has not been used.   [I]
  integer n,i,j,k
------------^
./src/mod_src.f90(343): remark #7712: This variable has not been used.   [J]
  integer n,i,j,k
--------------^
./src/mod_src.f90(343): remark #7712: This variable has not been used.   [K]
  integer n,i,j,k
----------------^
./src/mod_src.f90(777): remark #7712: This variable has not been used.   [T]
function fun_delta(t,ntime) result(v)
-------------------^
./src/mod_src.f90(768): remark #7712: This variable has not been used.   [T]
function fun_step(t) result(v)
------------------^
/usr/bin/cpp  -P -traditional -I./srcF -DUSEPML -DSrcSurface -DCartGrid -DCondFreeTIMG -DCondFreeVLOW  ./srcF/mod_custom.F90 > ./src/mod_custom.f90
/opt/mpich3/3.1-intel/bin/mpif90 -O3 -c -w95 -warn all -zero -module ./OBJ -I/opt/netcdf4/4.2.2-ifort/include  ./src/mod_custom.f90 -o OBJ/mod_custom.o
ifort: command line remark #10010: option '-w95' is deprecated and will be removed in a future release. See '-help deprecated'
./src/mod_custom.f90(167): warning #6843: A dummy argument with an explicit INTENT(OUT) declaration is not given an explicit value.   [VP]
subroutine custom_media_perturb(x,y,z,Vp,Vs,dens,Qatt)
--------------------------------------^
./src/mod_custom.f90(167): warning #6843: A dummy argument with an explicit INTENT(OUT) declaration is not given an explicit value.   [DENS]
subroutine custom_media_perturb(x,y,z,Vp,Vs,dens,Qatt)
--------------------------------------------^
./src/mod_custom.f90(167): warning #6843: A dummy argument with an explicit INTENT(OUT) declaration is not given an explicit value.   [QATT]
subroutine custom_media_perturb(x,y,z,Vp,Vs,dens,Qatt)
-------------------------------------------------^
./src/mod_custom.f90(39): warning #6843: A dummy argument with an explicit INTENT(OUT) declaration is not given an explicit value.   [QF0]
subroutine custom_media_ESG2006(x,y,z,vp,vs,dens,Qatt,Qf0)
------------------------------------------------------^
./src/mod_custom.f90(167): remark #7712: This variable has not been used.   [VP]
subroutine custom_media_perturb(x,y,z,Vp,Vs,dens,Qatt)
--------------------------------------^
./src/mod_custom.f90(167): remark #7712: This variable has not been used.   [DENS]
subroutine custom_media_perturb(x,y,z,Vp,Vs,dens,Qatt)
--------------------------------------------^
./src/mod_custom.f90(167): remark #7712: This variable has not been used.   [QATT]
subroutine custom_media_perturb(x,y,z,Vp,Vs,dens,Qatt)
-------------------------------------------------^
./src/mod_custom.f90(39): remark #7712: This variable has not been used.   [QF0]
subroutine custom_media_ESG2006(x,y,z,vp,vs,dens,Qatt,Qf0)
------------------------------------------------------^
/usr/bin/cpp  -P -traditional -I./srcF -DUSEPML -DSrcSurface -DCartGrid -DCondFreeTIMG -DCondFreeVLOW  ./srcF/seis3d_grid.F90 > ./src/seis3d_grid.f90
/opt/mpich3/3.1-intel/bin/mpif90 -O3 -mp1 -c -w95 -warn all -zero -module ./OBJ -I/opt/netcdf4/4.2.2-ifort/include  ./src/seis3d_grid.f90 -o OBJ/seis3d_grid.o
ifort: command line remark #10010: option '-w95' is deprecated and will be removed in a future release. See '-help deprecated'
/opt/mpich3/3.1-intel/bin/mpif90 -o bin/seis3d_grid ./OBJ/mod_constants.o ./OBJ/mod_math.o ./OBJ/mod_string.o ./OBJ/mod_nfseis.o ./OBJ/mod_para.o ./OBJ/mod_mpi.o ./OBJ/mod_grid.o ./OBJ/mod_io.o ./OBJ/mod_media.o ./OBJ/mod_macdrp.o ./OBJ/mod_src.o ./OBJ/mod_custom.o ./OBJ/seis3d_grid.o /opt/netcdf4/4.2.2-ifort/lib/libnetcdff.a /opt/netcdf4/4.3.1-gcc/lib/libnetcdf.a 
/usr/bin/cpp  -P -traditional -I./srcF -DUSEPML -DSrcSurface -DCartGrid -DCondFreeTIMG -DCondFreeVLOW  -DGridMPI ./srcF/seis3d_grid.F90 > ./src/seis3d_grid_mpi.f90
/opt/mpich3/3.1-intel/bin/mpif90 -O3 -mp1 -c -w95 -warn all -zero -module ./OBJ -I/opt/netcdf4/4.2.2-ifort/include  ./src/seis3d_grid_mpi.f90 -o OBJ/seis3d_grid_mpi.o
ifort: command line remark #10010: option '-w95' is deprecated and will be removed in a future release. See '-help deprecated'
/opt/mpich3/3.1-intel/bin/mpif90 -o bin/seis3d_grid_mpi ./OBJ/mod_constants.o ./OBJ/mod_math.o ./OBJ/mod_string.o ./OBJ/mod_nfseis.o ./OBJ/mod_para.o ./OBJ/mod_mpi.o ./OBJ/mod_grid.o ./OBJ/mod_io.o ./OBJ/mod_media.o ./OBJ/mod_macdrp.o ./OBJ/mod_src.o ./OBJ/mod_custom.o ./OBJ/seis3d_grid_mpi.o /opt/netcdf4/4.2.2-ifort/lib/libnetcdff.a /opt/netcdf4/4.3.1-gcc/lib/libnetcdf.a 
/usr/bin/cpp  -P -traditional -I./srcF -DUSEPML -DSrcSurface -DCartGrid -DCondFreeTIMG -DCondFreeVLOW  ./srcF/seis3d_metric.F90 > ./src/seis3d_metric.f90
/opt/mpich3/3.1-intel/bin/mpif90 -O3 -c -w95 -warn all -zero -module ./OBJ -I/opt/netcdf4/4.2.2-ifort/include  ./src/seis3d_metric.f90 -o OBJ/seis3d_metric.o
ifort: command line remark #10010: option '-w95' is deprecated and will be removed in a future release. See '-help deprecated'
/opt/mpich3/3.1-intel/bin/mpif90 -o bin/seis3d_metric ./OBJ/mod_constants.o ./OBJ/mod_math.o ./OBJ/mod_string.o ./OBJ/mod_nfseis.o ./OBJ/mod_para.o ./OBJ/mod_mpi.o ./OBJ/mod_grid.o ./OBJ/mod_io.o ./OBJ/mod_media.o ./OBJ/mod_macdrp.o ./OBJ/mod_src.o ./OBJ/mod_custom.o ./OBJ/seis3d_metric.o /opt/netcdf4/4.2.2-ifort/lib/libnetcdff.a /opt/netcdf4/4.3.1-gcc/lib/libnetcdf.a 
/usr/bin/cpp  -P -traditional -I./srcF -DUSEPML -DSrcSurface -DCartGrid -DCondFreeTIMG -DCondFreeVLOW  -DMetricMPI ./srcF/seis3d_metric.F90 > ./src/seis3d_metric_mpi.f90
/opt/mpich3/3.1-intel/bin/mpif90 -O3 -c -w95 -warn all -zero -module ./OBJ -I/opt/netcdf4/4.2.2-ifort/include  ./src/seis3d_metric_mpi.f90 -o OBJ/seis3d_metric_mpi.o
ifort: command line remark #10010: option '-w95' is deprecated and will be removed in a future release. See '-help deprecated'
/opt/mpich3/3.1-intel/bin/mpif90 -o bin/seis3d_metric_mpi ./OBJ/mod_constants.o ./OBJ/mod_math.o ./OBJ/mod_string.o ./OBJ/mod_nfseis.o ./OBJ/mod_para.o ./OBJ/mod_mpi.o ./OBJ/mod_grid.o ./OBJ/mod_io.o ./OBJ/mod_media.o ./OBJ/mod_macdrp.o ./OBJ/mod_src.o ./OBJ/mod_custom.o ./OBJ/seis3d_metric_mpi.o /opt/netcdf4/4.2.2-ifort/lib/libnetcdff.a /opt/netcdf4/4.3.1-gcc/lib/libnetcdf.a 
/usr/bin/cpp  -P -traditional -I./srcF -DUSEPML -DSrcSurface -DCartGrid -DCondFreeTIMG -DCondFreeVLOW  ./srcF/seis3d_media.F90 > ./src/seis3d_media.f90
/opt/mpich3/3.1-intel/bin/mpif90 -O3 -c -w95 -warn all -zero -module ./OBJ -I/opt/netcdf4/4.2.2-ifort/include  ./src/seis3d_media.f90 -o OBJ/seis3d_media.o
ifort: command line remark #10010: option '-w95' is deprecated and will be removed in a future release. See '-help deprecated'
/opt/mpich3/3.1-intel/bin/mpif90 -o bin/seis3d_media ./OBJ/mod_constants.o ./OBJ/mod_math.o ./OBJ/mod_string.o ./OBJ/mod_nfseis.o ./OBJ/mod_para.o ./OBJ/mod_mpi.o ./OBJ/mod_grid.o ./OBJ/mod_io.o ./OBJ/mod_media.o ./OBJ/mod_macdrp.o ./OBJ/mod_src.o ./OBJ/mod_custom.o ./OBJ/seis3d_media.o /opt/netcdf4/4.2.2-ifort/lib/libnetcdff.a /opt/netcdf4/4.3.1-gcc/lib/libnetcdf.a 
/usr/bin/cpp  -P -traditional -I./srcF -DUSEPML -DSrcSurface -DCartGrid -DCondFreeTIMG -DCondFreeVLOW  -DMediaMPI ./srcF/seis3d_media.F90 > ./src/seis3d_media_mpi.f90
/opt/mpich3/3.1-intel/bin/mpif90 -O3 -c -w95 -warn all -zero -module ./OBJ -I/opt/netcdf4/4.2.2-ifort/include  ./src/seis3d_media_mpi.f90 -o OBJ/seis3d_media_mpi.o
ifort: command line remark #10010: option '-w95' is deprecated and will be removed in a future release. See '-help deprecated'
/opt/mpich3/3.1-intel/bin/mpif90 -o bin/seis3d_media_mpi ./OBJ/mod_constants.o ./OBJ/mod_math.o ./OBJ/mod_string.o ./OBJ/mod_nfseis.o ./OBJ/mod_para.o ./OBJ/mod_mpi.o ./OBJ/mod_grid.o ./OBJ/mod_io.o ./OBJ/mod_media.o ./OBJ/mod_macdrp.o ./OBJ/mod_src.o ./OBJ/mod_custom.o ./OBJ/seis3d_media_mpi.o /opt/netcdf4/4.2.2-ifort/lib/libnetcdff.a /opt/netcdf4/4.3.1-gcc/lib/libnetcdf.a 
/usr/bin/cpp  -P -traditional -I./srcF -DUSEPML -DSrcSurface -DCartGrid -DCondFreeTIMG -DCondFreeVLOW  ./srcF/seis3d_source.F90 > ./src/seis3d_source.f90
/opt/mpich3/3.1-intel/bin/mpif90 -O3 -c -w95 -warn all -zero -module ./OBJ -I/opt/netcdf4/4.2.2-ifort/include  ./src/seis3d_source.f90 -o OBJ/seis3d_source.o
ifort: command line remark #10010: option '-w95' is deprecated and will be removed in a future release. See '-help deprecated'
/opt/mpich3/3.1-intel/bin/mpif90 -o bin/seis3d_source ./OBJ/mod_constants.o ./OBJ/mod_math.o ./OBJ/mod_string.o ./OBJ/mod_nfseis.o ./OBJ/mod_para.o ./OBJ/mod_mpi.o ./OBJ/mod_grid.o ./OBJ/mod_io.o ./OBJ/mod_media.o ./OBJ/mod_macdrp.o ./OBJ/mod_src.o ./OBJ/mod_custom.o ./OBJ/seis3d_source.o /opt/netcdf4/4.2.2-ifort/lib/libnetcdff.a /opt/netcdf4/4.3.1-gcc/lib/libnetcdf.a 
/usr/bin/cpp  -P -traditional -I./srcF -DUSEPML -DSrcSurface -DCartGrid -DCondFreeTIMG -DCondFreeVLOW  ./srcF/seis3d_station.F90 > ./src/seis3d_station.f90
/opt/mpich3/3.1-intel/bin/mpif90 -O3 -c -w95 -warn all -zero -module ./OBJ -I/opt/netcdf4/4.2.2-ifort/include  ./src/seis3d_station.f90 -o OBJ/seis3d_station.o
ifort: command line remark #10010: option '-w95' is deprecated and will be removed in a future release. See '-help deprecated'
/opt/mpich3/3.1-intel/bin/mpif90 -o bin/seis3d_station ./OBJ/mod_constants.o ./OBJ/mod_math.o ./OBJ/mod_string.o ./OBJ/mod_nfseis.o ./OBJ/mod_para.o ./OBJ/mod_mpi.o ./OBJ/mod_grid.o ./OBJ/mod_io.o ./OBJ/mod_media.o ./OBJ/mod_macdrp.o ./OBJ/mod_src.o ./OBJ/mod_custom.o ./OBJ/seis3d_station.o /opt/netcdf4/4.2.2-ifort/lib/libnetcdff.a /opt/netcdf4/4.3.1-gcc/lib/libnetcdf.a 
/usr/bin/cpp  -P -traditional -I./srcF -DUSEPML -DSrcSurface -DCartGrid -DCondFreeTIMG -DCondFreeVLOW  ./srcF/mod_abs_npml.F90 > ./src/mod_abs_npml.f90
/opt/mpich3/3.1-intel/bin/mpif90 -O3 -c -w95 -warn all -zero -module ./OBJ -I/opt/netcdf4/4.2.2-ifort/include  ./src/mod_abs_npml.f90 -o OBJ/mod_abs_npml.o
ifort: command line remark #10010: option '-w95' is deprecated and will be removed in a future release. See '-help deprecated'
./src/mod_abs_npml.f90(1323): remark #7712: This variable has not been used.   [E]
 real(SP) e
----------^
./src/mod_abs_npml.f90(1177): remark #7712: This variable has not been used.   [E]
 real(SP) e
----------^
./src/mod_abs_npml.f90(1031): remark #7712: This variable has not been used.   [E]
 real(SP) e
----------^
/usr/bin/cpp  -P -traditional -I./srcF -DUSEPML -DSrcSurface -DCartGrid -DCondFreeTIMG -DCondFreeVLOW  ./srcF/seis3d_wave_8op_p3.F90 > ./src/seis3d_wave.f90
/opt/mpich3/3.1-intel/bin/mpif90 -O3 -c -w95 -warn all -zero -module ./OBJ -I/opt/netcdf4/4.2.2-ifort/include  ./src/seis3d_wave.f90 -o OBJ/seis3d_wave.o
ifort: command line remark #10010: option '-w95' is deprecated and will be removed in a future release. See '-help deprecated'
/opt/mpich3/3.1-intel/bin/mpif90 -o bin/seis3d_wave_mpi ./OBJ/mod_constants.o ./OBJ/mod_math.o ./OBJ/mod_string.o ./OBJ/mod_nfseis.o ./OBJ/mod_para.o ./OBJ/mod_mpi.o ./OBJ/mod_grid.o ./OBJ/mod_io.o ./OBJ/mod_media.o ./OBJ/mod_macdrp.o ./OBJ/mod_src.o ./OBJ/mod_custom.o ./OBJ/mod_abs_npml.o ./OBJ/seis3d_wave.o /opt/netcdf4/4.2.2-ifort/lib/libnetcdff.a /opt/netcdf4/4.3.1-gcc/lib/libnetcdf.a 
/usr/bin/cpp  -P -traditional -I./srcF -DUSEPML -DSrcSurface -DCartGrid -DCondFreeTIMG -DCondFreeVLOW  ./srcF.kernel/SI_ker_pair.F90 > ./src/SI_ker_pair.f90
/opt/mpich3/3.1-intel/bin/mpif90 -O3 -c -w95 -warn all -zero -module ./OBJ -I/opt/netcdf4/4.2.2-ifort/include  ./src/SI_ker_pair.f90 -o OBJ/SI_ker_pair.o
ifort: command line remark #10010: option '-w95' is deprecated and will be removed in a future release. See '-help deprecated'
./src/SI_ker_pair.f90(35): remark #7712: This variable has not been used.   [PNM_OBSINFO]
character (len=SEIS_STRLEN) :: pnm_obsinfo,pnm_obs
-------------------------------^
./src/SI_ker_pair.f90(35): remark #7712: This variable has not been used.   [PNM_OBS]
character (len=SEIS_STRLEN) :: pnm_obsinfo,pnm_obs
-------------------------------------------^
./src/SI_ker_pair.f90(36): remark #7712: This variable has not been used.   [ID_OF_OBS]
integer id_of_obs, indx_in_obs
--------^
./src/SI_ker_pair.f90(36): remark #7712: This variable has not been used.   [INDX_IN_OBS]
integer id_of_obs, indx_in_obs
-------------------^
/opt/mpich3/3.1-intel/bin/mpif90 -o bin/SI_ker_pair ./OBJ/mod_constants.o ./OBJ/mod_math.o ./OBJ/mod_string.o ./OBJ/mod_nfseis.o ./OBJ/mod_para.o ./OBJ/mod_mpi.o ./OBJ/mod_grid.o ./OBJ/mod_io.o ./OBJ/mod_media.o ./OBJ/mod_macdrp.o ./OBJ/mod_src.o ./OBJ/mod_custom.o ./OBJ/SI_ker_pair.o /opt/netcdf4/4.2.2-ifort/lib/libnetcdff.a /opt/netcdf4/4.3.1-gcc/lib/libnetcdf.a 
/usr/bin/cpp  -P -traditional -I./srcF -DUSEPML -DSrcSurface -DCartGrid -DCondFreeTIMG -DCondFreeVLOW  -DKernelMPI ./srcF.kernel/SI_ker_pair.F90 > ./src/SI_ker_pair_mpi.f90
/opt/mpich3/3.1-intel/bin/mpif90 -O3 -c -w95 -warn all -zero -module ./OBJ -I/opt/netcdf4/4.2.2-ifort/include  ./src/SI_ker_pair_mpi.f90 -o OBJ/SI_ker_pair_mpi.o
ifort: command line remark #10010: option '-w95' is deprecated and will be removed in a future release. See '-help deprecated'
./src/SI_ker_pair_mpi.f90(35): remark #7712: This variable has not been used.   [PNM_OBSINFO]
character (len=SEIS_STRLEN) :: pnm_obsinfo,pnm_obs
-------------------------------^
./src/SI_ker_pair_mpi.f90(35): remark #7712: This variable has not been used.   [PNM_OBS]
character (len=SEIS_STRLEN) :: pnm_obsinfo,pnm_obs
-------------------------------------------^
./src/SI_ker_pair_mpi.f90(36): remark #7712: This variable has not been used.   [ID_OF_OBS]
integer id_of_obs, indx_in_obs
--------^
./src/SI_ker_pair_mpi.f90(36): remark #7712: This variable has not been used.   [INDX_IN_OBS]
integer id_of_obs, indx_in_obs
-------------------^
./src/SI_ker_pair_mpi.f90(76): remark #7712: This variable has not been used.   [ISTATUS]
integer,dimension(MPI_STATUS_SIZE) :: istatus
--------------------------------------^
/opt/mpich3/3.1-intel/bin/mpif90 -o bin/SI_ker_pair_mpi ./OBJ/mod_constants.o ./OBJ/mod_math.o ./OBJ/mod_string.o ./OBJ/mod_nfseis.o ./OBJ/mod_para.o ./OBJ/mod_mpi.o ./OBJ/mod_grid.o ./OBJ/mod_io.o ./OBJ/mod_media.o ./OBJ/mod_macdrp.o ./OBJ/mod_src.o ./OBJ/mod_custom.o ./OBJ/SI_ker_pair_mpi.o /opt/netcdf4/4.2.2-ifort/lib/libnetcdff.a /opt/netcdf4/4.3.1-gcc/lib/libnetcdf.a 
/usr/bin/cpp  -P -traditional -I./srcF -DUSEPML -DSrcSurface -DCartGrid -DCondFreeTIMG -DCondFreeVLOW  ./srcF.kernel/SI_ker_sta.F90 > ./src/SI_ker_sta.f90
/opt/mpich3/3.1-intel/bin/mpif90 -O3 -c -w95 -warn all -zero -module ./OBJ -I/opt/netcdf4/4.2.2-ifort/include  ./src/SI_ker_sta.f90 -o OBJ/SI_ker_sta.o
ifort: command line remark #10010: option '-w95' is deprecated and will be removed in a future release. See '-help deprecated'
./src/SI_ker_sta.f90(1305): remark #7712: This variable has not been used.   [L]
integer :: n,i,j,k,l
-------------------^
/opt/mpich3/3.1-intel/bin/mpif90 -o bin/SI_ker_sta ./OBJ/mod_constants.o ./OBJ/mod_math.o ./OBJ/mod_string.o ./OBJ/mod_nfseis.o ./OBJ/mod_para.o ./OBJ/mod_mpi.o ./OBJ/mod_grid.o ./OBJ/mod_io.o ./OBJ/mod_media.o ./OBJ/mod_macdrp.o ./OBJ/mod_src.o ./OBJ/mod_custom.o ./OBJ/SI_ker_sta.o /opt/netcdf4/4.2.2-ifort/lib/libnetcdff.a /opt/netcdf4/4.3.1-gcc/lib/libnetcdf.a 
/usr/bin/cpp  -P -traditional -I./srcF -DUSEPML -DSrcSurface -DCartGrid -DCondFreeTIMG -DCondFreeVLOW  -DKernelMPI ./srcF.kernel/SI_ker_sta.F90 > ./src/SI_ker_sta_mpi.f90
/opt/mpich3/3.1-intel/bin/mpif90 -O3 -c -w95 -warn all -zero -module ./OBJ -I/opt/netcdf4/4.2.2-ifort/include  ./src/SI_ker_sta_mpi.f90 -o OBJ/SI_ker_sta_mpi.o
ifort: command line remark #10010: option '-w95' is deprecated and will be removed in a future release. See '-help deprecated'
./src/SI_ker_sta_mpi.f90(1325): remark #7712: This variable has not been used.   [L]
integer :: n,i,j,k,l
-------------------^
/opt/mpich3/3.1-intel/bin/mpif90 -o bin/SI_ker_sta_mpi ./OBJ/mod_constants.o ./OBJ/mod_math.o ./OBJ/mod_string.o ./OBJ/mod_nfseis.o ./OBJ/mod_para.o ./OBJ/mod_mpi.o ./OBJ/mod_grid.o ./OBJ/mod_io.o ./OBJ/mod_media.o ./OBJ/mod_macdrp.o ./OBJ/mod_src.o ./OBJ/mod_custom.o ./OBJ/SI_ker_sta_mpi.o /opt/netcdf4/4.2.2-ifort/lib/libnetcdff.a /opt/netcdf4/4.3.1-gcc/lib/libnetcdf.a 
/usr/bin/cpp  -P -traditional -I./srcF -DUSEPML -DSrcSurface -DCartGrid -DCondFreeTIMG -DCondFreeVLOW  ./srcF.kernel/SI_ker2info.F90 > ./src/SI_ker2info.f90
/opt/mpich3/3.1-intel/bin/mpif90 -O3 -c -w95 -warn all -zero -module ./OBJ -I/opt/netcdf4/4.2.2-ifort/include  ./src/SI_ker2info.f90 -o OBJ/SI_ker2info.o
ifort: command line remark #10010: option '-w95' is deprecated and will be removed in a future release. See '-help deprecated'
./src/SI_ker2info.f90(241): remark #7712: This variable has not been used.   [FILENM]
character (len=SEIS_STRLEN) :: filenm
-------------------------------^
./src/SI_ker2info.f90(247): remark #7712: This variable has not been used.   [NFQ]
integer :: ncmp,npk,nfq
--------------------^
./src/SI_ker2info.f90(264): remark #7712: This variable has not been used.   [M]
integer :: i,j,k,m,n,ierr
-----------------^
./src/SI_ker2info.f90(578): remark #7712: This variable has not been used.   [N]
integer :: fid,n
---------------^
/opt/mpich3/3.1-intel/bin/mpif90 -o bin/SI_ker2info ./OBJ/mod_constants.o ./OBJ/mod_math.o ./OBJ/mod_string.o ./OBJ/mod_nfseis.o ./OBJ/mod_para.o ./OBJ/mod_mpi.o ./OBJ/mod_grid.o ./OBJ/mod_io.o ./OBJ/mod_media.o ./OBJ/mod_macdrp.o ./OBJ/mod_src.o ./OBJ/mod_custom.o ./OBJ/SI_ker2info.o /opt/netcdf4/4.2.2-ifort/lib/libnetcdff.a /opt/netcdf4/4.3.1-gcc/lib/libnetcdf.a 
/usr/bin/cpp  -P -traditional -I./srcF -DUSEPML -DSrcSurface -DCartGrid -DCondFreeTIMG -DCondFreeVLOW  -DKernelInfoMPI ./srcF.kernel/SI_ker2info.F90 > ./src/SI_ker2info_mpi.f90
/opt/mpich3/3.1-intel/bin/mpif90 -O3 -c -w95 -warn all -zero -module ./OBJ -I/opt/netcdf4/4.2.2-ifort/include  ./src/SI_ker2info_mpi.f90 -o OBJ/SI_ker2info_mpi.o
ifort: command line remark #10010: option '-w95' is deprecated and will be removed in a future release. See '-help deprecated'
./src/SI_ker2info_mpi.f90(242): remark #7712: This variable has not been used.   [FILENM]
character (len=SEIS_STRLEN) :: filenm
-------------------------------^
./src/SI_ker2info_mpi.f90(248): remark #7712: This variable has not been used.   [NFQ]
integer :: ncmp,npk,nfq
--------------------^
./src/SI_ker2info_mpi.f90(265): remark #7712: This variable has not been used.   [M]
integer :: i,j,k,m,n,ierr
-----------------^
./src/SI_ker2info_mpi.f90(591): remark #7712: This variable has not been used.   [N]
integer :: fid,n
---------------^
/opt/mpich3/3.1-intel/bin/mpif90 -o bin/SI_ker2info_mpi ./OBJ/mod_constants.o ./OBJ/mod_math.o ./OBJ/mod_string.o ./OBJ/mod_nfseis.o ./OBJ/mod_para.o ./OBJ/mod_mpi.o ./OBJ/mod_grid.o ./OBJ/mod_io.o ./OBJ/mod_media.o ./OBJ/mod_macdrp.o ./OBJ/mod_src.o ./OBJ/mod_custom.o ./OBJ/SI_ker2info_mpi.o /opt/netcdf4/4.2.2-ifort/lib/libnetcdff.a /opt/netcdf4/4.3.1-gcc/lib/libnetcdf.a 
/usr/bin/cpp  -P -traditional -I./srcF -DUSEPML -DSrcSurface -DCartGrid -DCondFreeTIMG -DCondFreeVLOW  ./srcF.kernel/SI_ker2assm.F90 > ./src/SI_ker2assm.f90
/opt/mpich3/3.1-intel/bin/mpif90 -O3 -c -w95 -warn all -zero -module ./OBJ -I/opt/netcdf4/4.2.2-ifort/include  ./src/SI_ker2assm.f90 -o OBJ/SI_ker2assm.o
ifort: command line remark #10010: option '-w95' is deprecated and will be removed in a future release. See '-help deprecated'
/opt/mpich3/3.1-intel/bin/mpif90 -o bin/SI_ker2assm ./OBJ/mod_constants.o ./OBJ/mod_math.o ./OBJ/mod_string.o ./OBJ/mod_nfseis.o ./OBJ/mod_para.o ./OBJ/mod_mpi.o ./OBJ/mod_grid.o ./OBJ/mod_io.o ./OBJ/mod_media.o ./OBJ/mod_macdrp.o ./OBJ/mod_src.o ./OBJ/mod_custom.o ./OBJ/SI_ker2assm.o /opt/netcdf4/4.2.2-ifort/lib/libnetcdff.a /opt/netcdf4/4.3.1-gcc/lib/libnetcdf.a 
/usr/bin/cpp  -P -traditional -I./srcF -DUSEPML -DSrcSurface -DCartGrid -DCondFreeTIMG -DCondFreeVLOW  -DKernelAssmMPI ./srcF.kernel/SI_ker2assm.F90 > ./src/SI_ker2assm_mpi.f90
/opt/mpich3/3.1-intel/bin/mpif90 -O3 -c -w95 -warn all -zero -module ./OBJ -I/opt/netcdf4/4.2.2-ifort/include  ./src/SI_ker2assm_mpi.f90 -o OBJ/SI_ker2assm_mpi.o
ifort: command line remark #10010: option '-w95' is deprecated and will be removed in a future release. See '-help deprecated'
/opt/mpich3/3.1-intel/bin/mpif90 -o bin/SI_ker2assm_mpi ./OBJ/mod_constants.o ./OBJ/mod_math.o ./OBJ/mod_string.o ./OBJ/mod_nfseis.o ./OBJ/mod_para.o ./OBJ/mod_mpi.o ./OBJ/mod_grid.o ./OBJ/mod_io.o ./OBJ/mod_media.o ./OBJ/mod_macdrp.o ./OBJ/mod_src.o ./OBJ/mod_custom.o ./OBJ/SI_ker2assm_mpi.o /opt/netcdf4/4.2.2-ifort/lib/libnetcdff.a /opt/netcdf4/4.3.1-gcc/lib/libnetcdf.a 
